[www.yanntiersen.com/index.html]
[backblue.gif]
[fade.gif]
[index.html]
[images.squarespace-cdn.com/content/v1/60882d14bc85260c4c5171e1/6c945b78-fdf3-4b65-ab94-aeee517ad016/favicon.png]
[assets.squarespace.com/@sqs/polyfiller/1.6/legacy.js]
[assets.squarespace.com/universal/scripts-compressed/extract-css-runtime-b8ff24ba1df3a5e54e69-min.en-US.js]
[assets.squarespace.com/universal/scripts-compressed/cldr-resource-pack-0c96ad3f9948c3a7b631-min.en-US.js]
[assets.squarespace.com/@sqs/polyfiller/1.6/modern.js]
[assets.squarespace.com/universal/scripts-compressed/common-vendors-stable-2965e1fc774101038a7d-min.en-US.js]
[assets.squarespace.com/universal/scripts-compressed/performance-daea797f26ec33aee348-min.en-US.js]
[static1.squarespace.com/static/versioned-site-css/60882d14bc85260c4c5171e1/65/5c5a519771c10ba3470d8101/60882d14bc85260c4c5171fb/1610/site.css]
[assets.squarespace.com/universal/scripts-compressed/extract-css-moment-js-vendor-c4d588d4255cd4c70fa3-min.en-US.js]
[static1.squarespace.com/static/vta/5c5a519771c10ba3470d8101/versioned-assets/1738945569592-TPTZTOJBM3DP62NS94QP/static.css]
[kit.fontawesome.com/7c587e55af.js]
[www.yanntiersen.com/new-album.html]
[www.yanntiersen.com/cart.html]
[www.yanntiersen.com/about.html]
[www.yanntiersen.com/music.html]
[www.yanntiersen.com/live.html]
[images.squarespace-cdn.com/content/v1/60882d14bc85260c4c5171e1/bb366a6a-c841-4829-9a22-d09f4206e830/DSC_2844-Enhanced-SR-5+(1)+(1).jpg]
[www.yanntiersen.com/mailinglist.html]
[images.squarespace-cdn.com/content/v1/60882d14bc85260c4c5171e1/8f704da6-31a6-4b97-98e8-0d7cef49076f/_DSC5390+(1).jpg]
[assets.squarespace.com/universal/scripts-compressed/common-vendors-8921de8f24d51c37e1bd-min.en-US.js]
[www.yanntiersen.com/contact.html]
[static1.squarespace.com/static/vta/5c5a519771c10ba3470d8101/scripts/site-bundle.7a52a694fd4248c18775c6aa813a0358.js]
[www.yanntiersen.com/index.html]
[images.squarespace-cdn.com/index.html]
[assets.squarespace.com/universal/scripts-compressed/common-8c3480b1aabd95fe7d92-min.en-US.js]
[assets.squarespace.com/universal/images-v6/damask/error-dark.png]
[assets.squarespace.com/universal/images-v6/damask/error-dark@2x.png]
[assets.squarespace.com/universal/images-v6/damask/play-button.png]
[assets.squarespace.com/universal/images-v6/damask/play-button@2x.png]
[assets.squarespace.com/universal/images-v6/damask/edit-aviary-light.png]
[assets.squarespace.com/universal/images-v6/damask/edit-aviary-light@2x.png]
[assets.squarespace.com/universal/images-v6/damask/edit-info-light.png]
[assets.squarespace.com/universal/images-v6/damask/edit-info-light@2x.png]
[assets.squarespace.com/universal/images-v6/damask/trash-9-light.png]
[assets.squarespace.com/universal/images-v6/damask/trash-9-light@2x.png]
[assets.squarespace.com/universal/images-v6/damask/trash-9-red.png]
[assets.squarespace.com/universal/images-v6/damask/trash-9-red@2x.png]
[assets.squarespace.com/universal/images-v6/damask/getty-16-light.png]
[assets.squarespace.com/universal/images-v6/damask/getty-32-light.png]
[assets.squarespace.com/universal/images-v6/damask/shopping-cart-16-light.png]
[assets.squarespace.com/universal/images-v6/damask/shopping-cart-32-light.png]
[assets.squarespace.com/universal/images-v6/icons/block-indicator-dark.png]
[assets.squarespace.com/universal/images-v6/icons/block-indicator-dark@2x.png]
[assets.squarespace.com/universal/fonts/squarespace-ui-font.svg]
[assets.squarespace.com/universal/images-v6/icons/opentable-icons.svg]
[assets.squarespace.com/universal/images-v6/icons/opentable-icons.png]
[assets.squarespace.com/universal/images-v6/icons/icon-searchqueries-20-dark.png]
[assets.squarespace.com/universal/images-v6/icons/icon-searchqueries-20-light.png]
[assets.squarespace.com/universal/images-v6/icons/icon-video-24-light-solid.png]
[assets.squarespace.com/universal/images-v6/standard/icon_close_7_light.png]
[assets.squarespace.com/universal/images-v6/icons/icon-settings-16-light.png]
[assets.squarespace.com/universal/fonts/social-20141119/social-icon-font.svg]
[static1.squarespace.com/static/versioned-site-css/60882d14bc85260c4c5171e1/65/5c5a519771c10ba3470d8101/60882d14bc85260c4c5171fb/1610/site.css]
[static1.squarespace.com/static/vta/5c5a519771c10ba3470d8101/versioned-assets/1738945569592-TPTZTOJBM3DP62NS94QP/static.css]
[assets.squarespace.com/universal/scripts-compressed/extract-css-runtime-b0e06d66dc09c84b1463-min.en-US.js]
[www.yanntiersen.com/cart.html]
[static1.squarespace.com/static/versioned-site-css/60882d14bc85260c4c5171e1/65/5c5a519771c10ba3470d8101/60882d14bc85260c4c5171fb/1611/site.css]
[static1.squarespace.com/static/vta/5c5a519771c10ba3470d8101/versioned-assets/1739381320286-8FJE7NMLDZWANM5PXDLU/static.css]
[images.squarespace-cdn.com/content/v1/60882d14bc85260c4c5171e1/108aa020-7398-400f-bd0f-34de9d4cd821/YannTiersen_RathlinFromADistance.jpg]
[assets.squarespace.com/universal/scripts-compressed/extract-css-runtime-4b4bdcd8571cb68ef653-min.en-US.js]
[images.squarespace-cdn.com/content/v1/60882d14bc85260c4c5171e1/27d812d2-1967-470e-a6ee-b2dc8235fb1e/YannTiersen_TheLiquidHour.jpg]
[assets.squarespace.com/universal/scripts-compressed/common-937abd0adcc785f880fb-min.en-US.js]
[www.yanntiersen.com/new-album.html]
[images.squarespace-cdn.com/content/v1/60882d14bc85260c4c5171e1/28b3c568-a3af-4015-ae58-29d63d0c2dd1/Yann+Tiersen_2025_Aurélie+Scouarnec.jpg]
[images.squarespace-cdn.com/content/v1/60882d14bc85260c4c5171e1/f521dfa2-25d6-4653-a13b-af19d2f687fb/DSC_3071_LR.jpg]
[www.yanntiersen.com/about.html]
[images.squarespace-cdn.com/content/v1/60882d14bc85260c4c5171e1/2d19b55c-4b80-4915-9d8b-5fefe564c691/YannTiersen_Rathlin_Liquid_combined.jpg]
[assets.squarespace.com/universal/scripts-compressed/commerce-checkout-2a86f0119cca15cdad37-min.en-US.js]
[images.squarespace-cdn.com/content/v1/60882d14bc85260c4c5171e1/76a3fa23-38d8-442b-acf8-a05ac8c8ddaf/1+Kerber.png]
[images.squarespace-cdn.com/content/v1/60882d14bc85260c4c5171e1/ce0ec7f9-3204-4ab4-957f-a51329358c1c/2.+Portrait.jpg]
[images.squarespace-cdn.com/content/v1/60882d14bc85260c4c5171e1/1e28aa00-a841-4f1b-af81-301a665d0c91/3.+All.jpg]
[images.squarespace-cdn.com/content/v1/60882d14bc85260c4c5171e1/c22877d2-9995-4548-874d-ce09aee5b5f3/4.+EUSA.jpg]
[images.squarespace-cdn.com/content/v1/60882d14bc85260c4c5171e1/2bd82f2b-fba0-4e58-9384-08c80cb4ae13/5.+Infinity.jpg]
[images.squarespace-cdn.com/content/v1/60882d14bc85260c4c5171e1/c9c3b262-6b75-45a1-b321-f6d75176515e/7.+Dust+Lane.jpg]
[images.squarespace-cdn.com/content/v1/60882d14bc85260c4c5171e1/5e1b9b83-2523-4a89-aaad-c9b4c1a09d52/6.+Skyline.jpg]
[images.squarespace-cdn.com/content/v1/60882d14bc85260c4c5171e1/131866ea-e8b0-4d44-905f-cb663c5b734b/8.+Tabarly.jpg]
[images.squarespace-cdn.com/content/v1/60882d14bc85260c4c5171e1/d19e5492-04a3-4552-ae2b-f0eee2246b5d/9.+On+Tour.jpg]
[images.squarespace-cdn.com/content/v1/60882d14bc85260c4c5171e1/d46ac51a-bb65-42e9-a6e7-a32b8f2aaeb2/10.+Les+Retrouvailles.jpg]
[images.squarespace-cdn.com/content/v1/60882d14bc85260c4c5171e1/a8ec2925-9b33-423b-8f15-2b4cc6af7821/11.+Yann+Tiersen+and+Shannon+Wright.jpg]
[images.squarespace-cdn.com/content/v1/60882d14bc85260c4c5171e1/4dac409e-fedf-4da4-b796-aead911d8a05/12.+C_etait+Ici.jpg]
[images.squarespace-cdn.com/content/v1/60882d14bc85260c4c5171e1/359537a6-c62d-42e3-84ef-000f8995c557/13.+GoodBye+Lenin.jpg]
[images.squarespace-cdn.com/content/v1/60882d14bc85260c4c5171e1/57d98d7d-d729-4571-aee4-bfdef0a1fdc3/15.+l_absente.jpg]
[images.squarespace-cdn.com/content/v1/60882d14bc85260c4c5171e1/2100d3a4-bac9-4f5e-bef2-9d8d6dcbaaf8/16.+Everything_s+Calm.jpg]
[images.squarespace-cdn.com/content/v1/60882d14bc85260c4c5171e1/31d652bb-e75b-4473-b582-bc2e6b786117/17.+The+Lighthouse.jpg]
[images.squarespace-cdn.com/content/v1/60882d14bc85260c4c5171e1/5ea6fa95-a86f-4080-8d36-5563c7a2fdb4/18.+The+Waltz+of+the+Monsters.jpg]
[images.squarespace-cdn.com/content/v1/60882d14bc85260c4c5171e1/5a8177c4-0279-4bab-8353-b2b917731c3e/19.+Cascade+Street.jpg]
[www.yanntiersen.com/music.html]
[www.yanntiersen.com/_https_/www.songkick.com/artists/349684/_.55.delayed]
[www.yanntiersen.com/_/widget.songkick.com/349684/widget.js/___/script__,_customThumbEnabled__false}_.56.delayed]
[www.yanntiersen.com/live.html]
[www.yanntiersen.com/mailinglist.html]
[www.yanntiersen.com/contact.html]
[assets.squarespace.com/universal/fonts/squarespace-ui-font.svg]
[assets.squarespace.com/universal/images-v6/icons/opentable-icons.svg]
[assets.squarespace.com/universal/fonts/social-20141119/social-icon-font.svg]
[static1.squarespace.com/static/versioned-site-css/60882d14bc85260c4c5171e1/65/5c5a519771c10ba3470d8101/60882d14bc85260c4c5171fb/1611/site.css]
[static1.squarespace.com/static/vta/5c5a519771c10ba3470d8101/versioned-assets/1739381320286-8FJE7NMLDZWANM5PXDLU/static.css]
[www.yanntiersen.com/_https_/www.songkick.com/artists/349684/_.html]
[www.yanntiersen.com/_/widget.songkick.com/349684/widget.js/___/script__,_customThumbEnabled__false}_.html]
